2020-04-20 20:10:38,595 DEBUG [main] InternalLoggerFactory:47 - Using Log4J as the default logging framework
2020-04-20 20:10:38,605 DEBUG [main] ResourceLeakDetector:129 - -Dio.netty.leakDetection.level: simple
2020-04-20 20:10:38,607 DEBUG [main] ResourceLeakDetector:130 - -Dio.netty.leakDetection.targetRecords: 4
2020-04-20 20:10:38,644 DEBUG [main] PlatformDependent:987 - Platform: Windows
2020-04-20 20:10:38,647 DEBUG [main] PlatformDependent0:396 - -Dio.netty.noUnsafe: false
2020-04-20 20:10:38,648 DEBUG [main] PlatformDependent0:852 - Java version: 8
2020-04-20 20:10:38,650 DEBUG [main] PlatformDependent0:121 - sun.misc.Unsafe.theUnsafe: available
2020-04-20 20:10:38,652 DEBUG [main] PlatformDependent0:145 - sun.misc.Unsafe.copyMemory: available
2020-04-20 20:10:38,653 DEBUG [main] PlatformDependent0:183 - java.nio.Buffer.address: available
2020-04-20 20:10:38,655 DEBUG [main] PlatformDependent0:244 - direct buffer constructor: available
2020-04-20 20:10:38,656 DEBUG [main] PlatformDependent0:314 - java.nio.Bits.unaligned: available, true
2020-04-20 20:10:38,657 DEBUG [main] PlatformDependent0:379 - jdk.internal.misc.Unsafe.allocateUninitializedArray(int): unavailable prior to Java9
2020-04-20 20:10:38,657 DEBUG [main] PlatformDependent0:386 - java.nio.DirectByteBuffer.<init>(long, int): available
2020-04-20 20:10:38,658 DEBUG [main] PlatformDependent:1030 - sun.misc.Unsafe: available
2020-04-20 20:10:38,658 DEBUG [main] PlatformDependent:1149 - -Dio.netty.tmpdir: C:\Users\HI\AppData\Local\Temp (java.io.tmpdir)
2020-04-20 20:10:38,659 DEBUG [main] PlatformDependent:1228 - -Dio.netty.bitMode: 64 (sun.arch.data.model)
2020-04-20 20:10:38,663 DEBUG [main] PlatformDependent:174 - -Dio.netty.maxDirectMemory: 1385168896 bytes
2020-04-20 20:10:38,664 DEBUG [main] PlatformDependent:181 - -Dio.netty.uninitializedArrayAllocationThreshold: -1
2020-04-20 20:10:38,665 DEBUG [main] CleanerJava6:92 - java.nio.ByteBuffer.cleaner(): available
2020-04-20 20:10:38,666 DEBUG [main] PlatformDependent:201 - -Dio.netty.noPreferDirect: false
2020-04-20 20:10:38,667 DEBUG [main] ResourceLeakDetectorFactory:195 - Loaded default ResourceLeakDetector: io.netty.util.ResourceLeakDetector@10d68fcd
2020-04-20 20:10:38,698 DEBUG [main] PlatformDependent:891 - org.jctools-core.MpscChunkedArrayQueue: available
2020-04-20 20:10:38,754 DEBUG [main] JdkSslContext:96 - Default protocols (JDK): [TLSv1.2, TLSv1.1, TLSv1] 
2020-04-20 20:10:38,754 DEBUG [main] JdkSslContext:97 - Default cipher suites (JDK): [TLS_ECDHE_ECDSA_WITH_AES_256_GCM_SHA384, TLS_ECDHE_ECDSA_WITH_AES_128_GCM_SHA256, TLS_ECDHE_RSA_WITH_AES_128_GCM_SHA256, TLS_ECDHE_RSA_WITH_AES_256_GCM_SHA384, TLS_ECDHE_RSA_WITH_AES_128_CBC_SHA, TLS_ECDHE_RSA_WITH_AES_256_CBC_SHA, TLS_RSA_WITH_AES_128_GCM_SHA256, TLS_RSA_WITH_AES_128_CBC_SHA, TLS_RSA_WITH_AES_256_CBC_SHA]
2020-04-20 20:10:38,795 DEBUG [main] InternalThreadLocalMap:54 - -Dio.netty.threadLocalMap.stringBuilder.initialSize: 1024
2020-04-20 20:10:38,796 DEBUG [main] InternalThreadLocalMap:57 - -Dio.netty.threadLocalMap.stringBuilder.maxSize: 4096
2020-04-20 20:10:38,808 DEBUG [main] MultithreadEventLoopGroup:44 - -Dio.netty.eventLoopThreads: 8
2020-04-20 20:10:38,821 DEBUG [main] NioEventLoop:106 - -Dio.netty.noKeySetOptimization: false
2020-04-20 20:10:38,821 DEBUG [main] NioEventLoop:107 - -Dio.netty.selectorAutoRebuildThreshold: 512
2020-04-20 20:10:38,889 DEBUG [main] PooledByteBufAllocator:142 - -Dio.netty.allocator.numHeapArenas: 8
2020-04-20 20:10:38,889 DEBUG [main] PooledByteBufAllocator:143 - -Dio.netty.allocator.numDirectArenas: 8
2020-04-20 20:10:38,890 DEBUG [main] PooledByteBufAllocator:145 - -Dio.netty.allocator.pageSize: 8192
2020-04-20 20:10:38,890 DEBUG [main] PooledByteBufAllocator:150 - -Dio.netty.allocator.maxOrder: 11
2020-04-20 20:10:38,890 DEBUG [main] PooledByteBufAllocator:154 - -Dio.netty.allocator.chunkSize: 16777216
2020-04-20 20:10:38,891 DEBUG [main] PooledByteBufAllocator:155 - -Dio.netty.allocator.tinyCacheSize: 512
2020-04-20 20:10:38,891 DEBUG [main] PooledByteBufAllocator:156 - -Dio.netty.allocator.smallCacheSize: 256
2020-04-20 20:10:38,891 DEBUG [main] PooledByteBufAllocator:157 - -Dio.netty.allocator.normalCacheSize: 64
2020-04-20 20:10:38,892 DEBUG [main] PooledByteBufAllocator:158 - -Dio.netty.allocator.maxCachedBufferCapacity: 32768
2020-04-20 20:10:38,892 DEBUG [main] PooledByteBufAllocator:159 - -Dio.netty.allocator.cacheTrimInterval: 8192
2020-04-20 20:10:38,892 DEBUG [main] PooledByteBufAllocator:160 - -Dio.netty.allocator.cacheTrimIntervalMillis: 0
2020-04-20 20:10:38,893 DEBUG [main] PooledByteBufAllocator:161 - -Dio.netty.allocator.useCacheForAllThreads: true
2020-04-20 20:10:38,893 DEBUG [main] PooledByteBufAllocator:162 - -Dio.netty.allocator.maxCachedByteBuffersPerChunk: 1023
2020-04-20 20:10:38,904 DEBUG [main] ByteBufUtil:85 - -Dio.netty.allocator.type: pooled
2020-04-20 20:10:38,905 DEBUG [main] ByteBufUtil:94 - -Dio.netty.threadLocalDirectBufferSize: 0
2020-04-20 20:10:38,905 DEBUG [main] ByteBufUtil:97 - -Dio.netty.maxThreadLocalCharBufferSize: 16384
2020-04-20 20:10:39,966 DEBUG [Forwarding newSession on session null to remote] DefaultChannelId:79 - -Dio.netty.processId: 4360 (auto-detected)
2020-04-20 20:10:39,971 DEBUG [Forwarding newSession on session null to remote] NetUtil:139 - -Djava.net.preferIPv4Stack: false
2020-04-20 20:10:39,972 DEBUG [Forwarding newSession on session null to remote] NetUtil:140 - -Djava.net.preferIPv6Addresses: false
2020-04-20 20:10:39,982 DEBUG [Forwarding newSession on session null to remote] NetUtil:224 - Loopback interface: lo (Software Loopback Interface 1, 127.0.0.1)
2020-04-20 20:10:39,984 DEBUG [Forwarding newSession on session null to remote] NetUtil:289 - Failed to get SOMAXCONN from sysctl and file \proc\sys\net\core\somaxconn. Default: 200
2020-04-20 20:10:39,996 DEBUG [Forwarding newSession on session null to remote] DefaultChannelId:101 - -Dio.netty.machineId: 8c:a9:82:ff:fe:09:4d:64 (auto-detected)
2020-04-20 20:10:40,076 DEBUG [AsyncHttpClient-3-1] AbstractByteBuf:62 - -Dio.netty.buffer.checkAccessible: true
2020-04-20 20:10:40,076 DEBUG [AsyncHttpClient-3-1] AbstractByteBuf:63 - -Dio.netty.buffer.checkBounds: true
2020-04-20 20:10:40,078 DEBUG [AsyncHttpClient-3-1] ResourceLeakDetectorFactory:195 - Loaded default ResourceLeakDetector: io.netty.util.ResourceLeakDetector@421bce8d
2020-04-20 20:10:40,131 DEBUG [AsyncHttpClient-3-1] Recycler:96 - -Dio.netty.recycler.maxCapacityPerThread: 4096
2020-04-20 20:10:40,132 DEBUG [AsyncHttpClient-3-1] Recycler:97 - -Dio.netty.recycler.maxSharedCapacityFactor: 2
2020-04-20 20:10:40,133 DEBUG [AsyncHttpClient-3-1] Recycler:98 - -Dio.netty.recycler.linkCapacity: 16
2020-04-20 20:10:40,133 DEBUG [AsyncHttpClient-3-1] Recycler:99 - -Dio.netty.recycler.ratio: 8
2020-04-20 20:10:41,939 DEBUG [main] ThreadLocalRandom:212 - -Dio.netty.initialSeedUniquifier: 0x57222a57830e6be2
2020-04-20 20:10:49,535  INFO [main] LoginTest:16 - Verify both actaul and expected title of login page
2020-04-20 20:11:01,736  INFO [main] LoginTest:25 - verify actual and expected page header text
2020-04-20 20:11:17,605  INFO [main] LoginTest:33 - verify forgot password link displayed
2020-04-20 20:11:39,402  INFO [main] LoginTest:50 - verify both actaul and expected home page header
